08/26/2023 06:42:11 PM __init__ time: 0.0423 seconds
08/26/2023 06:42:11 PM simulate_pos time: 0.0305 seconds
08/26/2023 06:42:11 PM __init__ time: 0.0050 seconds
08/26/2023 06:42:11 PM fixMetabolite time: 0.0000 seconds
08/26/2023 06:42:11 PM simulate time: 0.0496 seconds
08/26/2023 06:42:11 PM The solver successfully reached the end of the integration interval.
08/26/2023 06:42:12 PM __init__ time: 0.0050 seconds
08/26/2023 06:42:12 PM simulate time: 0.0517 seconds
08/26/2023 06:42:12 PM The solver successfully reached the end of the integration interval.
08/26/2023 06:47:30 PM __init__ time: 0.0430 seconds
08/26/2023 06:47:30 PM simulate time: 0.0287 seconds
08/26/2023 06:47:30 PM The solver successfully reached the end of the integration interval.
08/26/2023 06:54:08 PM __init__ time: 0.0430 seconds
08/26/2023 06:54:08 PM simulate time: 0.0036 seconds
08/26/2023 06:54:30 PM __init__ time: 0.0428 seconds
08/26/2023 06:54:30 PM simulate time: 0.0037 seconds
08/26/2023 06:54:44 PM __init__ time: 0.0428 seconds
08/26/2023 06:54:44 PM simulate time: 0.0036 seconds
08/26/2023 06:57:10 PM __init__ time: 0.0437 seconds
08/26/2023 06:57:10 PM simulate time: 0.0037 seconds
08/26/2023 06:58:45 PM __init__ time: 0.0429 seconds
08/26/2023 06:58:45 PM simulate time: 0.0036 seconds
08/26/2023 06:59:32 PM __init__ time: 0.0427 seconds
08/26/2023 06:59:32 PM simulate time: 0.0016 seconds
08/26/2023 06:59:57 PM __init__ time: 0.0433 seconds
08/26/2023 06:59:57 PM simulate time: 0.0094 seconds
08/26/2023 07:00:45 PM __init__ time: 0.0428 seconds
08/26/2023 07:00:45 PM simulate time: 0.0097 seconds
08/26/2023 07:01:25 PM __init__ time: 0.0431 seconds
08/26/2023 07:01:25 PM simulate time: 0.0096 seconds
08/26/2023 07:01:58 PM __init__ time: 0.0427 seconds
08/26/2023 07:01:58 PM simulate time: 0.0094 seconds
08/26/2023 07:02:20 PM __init__ time: 0.0429 seconds
08/26/2023 07:02:20 PM simulate time: 0.2344 seconds
08/26/2023 07:03:05 PM __init__ time: 0.0431 seconds
08/26/2023 07:03:06 PM simulate time: 0.2341 seconds
08/26/2023 07:03:18 PM __init__ time: 0.0437 seconds
08/26/2023 07:03:18 PM simulate time: 0.2397 seconds
08/26/2023 07:05:38 PM __init__ time: 0.0429 seconds
08/26/2023 07:05:38 PM simulate time: 0.2304 seconds
08/26/2023 07:06:34 PM __init__ time: 0.0432 seconds
08/26/2023 07:06:34 PM simulate time: 0.2347 seconds
08/26/2023 07:06:48 PM __init__ time: 0.0427 seconds
08/26/2023 07:06:49 PM simulate time: 0.2331 seconds
08/26/2023 07:07:24 PM __init__ time: 0.0431 seconds
08/26/2023 07:07:24 PM simulate time: 0.2400 seconds
08/26/2023 07:08:11 PM __init__ time: 0.0430 seconds
08/26/2023 07:08:12 PM simulate time: 0.2412 seconds
08/26/2023 07:14:32 PM __init__ time: 0.0427 seconds
08/26/2023 07:14:33 PM simulate time: 0.2305 seconds
08/26/2023 07:15:00 PM __init__ time: 0.0431 seconds
08/26/2023 07:15:00 PM simulate time: 0.2334 seconds
08/26/2023 07:16:04 PM __init__ time: 0.0430 seconds
08/26/2023 07:16:04 PM simulate time: 0.2354 seconds
08/26/2023 07:16:35 PM __init__ time: 0.0430 seconds
08/26/2023 07:16:35 PM simulate time: 0.2345 seconds
08/26/2023 07:18:32 PM __init__ time: 0.0432 seconds
08/26/2023 07:18:32 PM simulate time: 0.0522 seconds
08/26/2023 07:20:15 PM __init__ time: 0.0429 seconds
08/26/2023 07:20:15 PM simulate time: 0.2338 seconds
08/26/2023 07:21:29 PM __init__ time: 0.0430 seconds
08/26/2023 07:21:29 PM simulate time: 0.0037 seconds
08/26/2023 07:22:22 PM __init__ time: 0.0431 seconds
08/26/2023 07:22:22 PM simulate time: 0.0036 seconds
08/26/2023 07:23:03 PM __init__ time: 0.0427 seconds
08/26/2023 07:23:03 PM simulate time: 0.0400 seconds
08/26/2023 07:23:21 PM __init__ time: 0.0431 seconds
08/26/2023 07:23:21 PM simulate time: 0.0442 seconds
08/26/2023 07:27:03 PM __init__ time: 0.0431 seconds
08/26/2023 07:27:03 PM simulate time: 0.0236 seconds
08/26/2023 07:27:21 PM __init__ time: 0.0430 seconds
08/26/2023 07:27:21 PM simulate time: 0.0434 seconds
08/26/2023 07:28:06 PM __init__ time: 0.0430 seconds
08/26/2023 07:28:06 PM simulate time: 0.0331 seconds
08/26/2023 07:28:33 PM __init__ time: 0.0432 seconds
08/26/2023 07:28:33 PM simulate time: 0.0340 seconds
08/26/2023 07:30:48 PM __init__ time: 0.0430 seconds
08/26/2023 07:30:48 PM fixMetabolite time: 0.0000 seconds
08/26/2023 07:30:48 PM simulate time: 0.0350 seconds
08/26/2023 07:31:05 PM __init__ time: 0.0429 seconds
08/26/2023 07:31:05 PM fixMetabolite time: 0.0000 seconds
08/26/2023 07:31:05 PM simulate time: 0.0504 seconds
08/26/2023 07:33:35 PM __init__ time: 0.0429 seconds
08/26/2023 07:33:35 PM fixMetabolite time: 0.0000 seconds
08/26/2023 07:33:38 PM simulate time: 3.0271 seconds
08/26/2023 07:34:22 PM __init__ time: 0.0430 seconds
08/26/2023 07:34:22 PM fixMetabolite time: 0.0000 seconds
08/26/2023 07:34:22 PM simulate time: 0.3075 seconds
08/26/2023 07:34:58 PM __init__ time: 0.0429 seconds
08/26/2023 07:34:58 PM fixMetabolite time: 0.0000 seconds
08/26/2023 07:34:58 PM simulate time: 0.0661 seconds
08/26/2023 07:35:54 PM __init__ time: 0.0430 seconds
08/26/2023 07:35:54 PM fixMetabolite time: 0.0000 seconds
08/26/2023 07:35:54 PM simulate time: 0.0687 seconds
08/26/2023 07:36:09 PM __init__ time: 0.0428 seconds
08/26/2023 07:36:09 PM fixMetabolite time: 0.0000 seconds
08/26/2023 07:36:09 PM simulate time: 0.0668 seconds
08/26/2023 09:50:26 PM __init__ time: 0.0674 seconds
08/26/2023 09:50:26 PM fixMetabolite time: 0.0000 seconds
08/26/2023 09:50:26 PM simulate time: 0.0701 seconds
08/26/2023 09:51:52 PM __init__ time: 0.0427 seconds
08/26/2023 09:51:52 PM fixMetabolite time: 0.0000 seconds
08/26/2023 09:51:53 PM simulate time: 0.0681 seconds
08/26/2023 09:52:33 PM __init__ time: 0.0430 seconds
08/26/2023 09:52:33 PM fixMetabolite time: 0.0000 seconds
08/26/2023 09:52:33 PM simulate time: 0.0678 seconds
08/26/2023 09:53:57 PM __init__ time: 0.0427 seconds
08/26/2023 09:53:57 PM fixMetabolite time: 0.0000 seconds
08/26/2023 09:53:57 PM simulate time: 0.0678 seconds
08/26/2023 09:54:37 PM __init__ time: 0.0431 seconds
08/26/2023 09:54:37 PM fixMetabolite time: 0.0000 seconds
08/26/2023 09:54:37 PM simulate time: 0.0684 seconds
08/26/2023 09:57:12 PM __init__ time: 0.0427 seconds
08/26/2023 09:57:12 PM fixMetabolite time: 0.0000 seconds
08/26/2023 09:57:12 PM simulate time: 0.0657 seconds
08/26/2023 09:58:05 PM __init__ time: 0.0432 seconds
08/26/2023 09:58:05 PM fixMetabolite time: 0.0000 seconds
08/26/2023 09:58:05 PM simulate time: 0.0687 seconds
08/26/2023 10:00:04 PM __init__ time: 0.0428 seconds
08/26/2023 10:00:04 PM fixMetabolite time: 0.0000 seconds
08/26/2023 10:00:04 PM simulate time: 0.0662 seconds
08/26/2023 10:01:33 PM __init__ time: 0.0428 seconds
08/26/2023 10:01:47 PM __init__ time: 0.0432 seconds
08/26/2023 10:01:47 PM fixMetabolite time: 0.0000 seconds
08/26/2023 10:01:47 PM fixMetabolite time: 0.0000 seconds
08/26/2023 10:01:47 PM simulate time: 0.0688 seconds
08/26/2023 10:02:18 PM __init__ time: 0.0429 seconds
08/26/2023 10:02:18 PM fixMetabolite time: 0.0000 seconds
08/26/2023 10:02:18 PM fixMetabolite time: 0.0000 seconds
08/26/2023 10:02:18 PM simulate time: 0.0460 seconds
08/26/2023 10:07:22 PM __init__ time: 0.0461 seconds
08/26/2023 10:07:22 PM fixMetabolite time: 0.0000 seconds
08/26/2023 10:07:22 PM fixMetabolite time: 0.0000 seconds
08/26/2023 10:07:22 PM simulate time: 0.0684 seconds
